<?xml version="1.0" encoding="UTF-8"?>
<!-- Generated by org.testng.reporters.JUnitReportReporter -->
<testsuite hostname="PriteshPatvi" failures="0" tests="1" name="test.day2" time="0.003" errors="0" timestamp="2024-11-30T17:07:54 IST" skipped="0">
  <testcase classname="test.day2" name="ploan" time="0.003"/>
  <system-out/>
</testsuite> <!-- test.day2 -->
