<?xml version="1.0" encoding="UTF-8"?>
<!-- Generated by org.testng.reporters.JUnitReportReporter -->
<testsuite hostname="PriteshPatvi" failures="0" tests="6" name="test.day3" time="0.019" errors="0" timestamp="2024-11-30T17:07:54 IST" skipped="1">
  <testcase classname="test.day3" name="MobilesignoutcarLoan" time="0.004"/>
  <system-out/>
  <testcase classname="test.day3" name="MobilesignoutcarLoan" time="0.004"/>
  <system-out/>
  <testcase classname="test.day3" name="MobilesignoutcarLoan" time="0.002"/>
  <system-out/>
  <testcase classname="test.day3" name="MobileLogincarLoan" time="0.007"/>
  <system-out/>
  <testcase classname="test.day3" name="WebloginCarLoan" time="0.002"/>
  <system-out/>
  <testcase classname="test.day3" name="MobilesignimcarLoan">
    <skipped/>
  </testcase> <!-- MobilesignimcarLoan -->
  <system-out/>
</testsuite> <!-- test.day3 -->
