<?xml version="1.0" encoding="UTF-8"?>
<!-- Generated by org.testng.reporters.JUnitReportReporter -->
<testsuite hostname="PriteshPatvi" failures="0" tests="3" name="test.day4" time="0.008" errors="0" timestamp="2024-11-30T17:07:54 IST" skipped="0">
  <testcase classname="test.day4" name="WebloginHomeLoan" time="0.003"/>
  <system-out/>
  <testcase classname="test.day4" name="LoginAPIHomeLoan" time="0.002"/>
  <system-out/>
  <testcase classname="test.day4" name="MobileLoginHomeLoan" time="0.003"/>
  <system-out/>
</testsuite> <!-- test.day4 -->
